<?xml version="1.0" encoding="UTF-8"?>
<!-- Generated by org.testng.reporters.JUnitReportReporter -->
<testsuite skipped="0" hostname="NYCMDLNMUHMAC.local" name="com.FutureItVisionFramework.testbase.ScriptBase" tests="1" failures="0" timestamp="03 Jun 2018 01:44:04 GMT" time="3.796" errors="0">
  <testcase name="beforetest" time="3.796" classname="com.FutureItVisionFramework.testbase.ScriptBase"/>
</testsuite> <!-- com.FutureItVisionFramework.testbase.ScriptBase -->
