<?xml version="1.0" encoding="UTF-8"?>
<!-- Generated by org.testng.reporters.JUnitReportReporter -->
<testsuite skipped="0" hostname="NYCMDLNMUHMAC.local" name="com.FutureItVisionFramework.searchtest.Catalog" tests="1" failures="0" timestamp="21 Jul 2018 22:46:23 GMT" time="9.000" errors="0">
  <testcase name="verifyCatalogDressSelectale" time="9.000" classname="com.FutureItVisionFramework.searchtest.Catalog"/>
</testsuite> <!-- com.FutureItVisionFramework.searchtest.Catalog -->
