<?xml version="1.0" encoding="UTF-8"?>
<!-- Generated by org.testng.reporters.JUnitReportReporter -->
<testsuite skipped="0" hostname="NYCMDLNMUHMAC.local" name="com.FutureItVisionFramework.searchtest.HomePageSearchTest" tests="1" failures="0" timestamp="07 Jul 2018 05:54:39 GMT" time="0.161" errors="0">
  <testcase name="verifysearchButton" time="0.161" classname="com.FutureItVisionFramework.searchtest.HomePageSearchTest"/>
</testsuite> <!-- com.FutureItVisionFramework.searchtest.HomePageSearchTest -->
