<?xml version="1.0" encoding="UTF-8"?>
<!-- Generated by org.testng.reporters.JUnitReportReporter -->
<testsuite skipped="0" hostname="NYCMDLNMUHMAC.local" name="com.FutureItVisionFramework.searchtest.HomePageSearchTest" tests="1" failures="0" timestamp="20 Jul 2018 03:12:55 GMT" time="11.075" errors="0">
  <testcase name="verifyCatagoryTest" time="11.075" classname="com.FutureItVisionFramework.searchtest.HomePageSearchTest"/>
</testsuite> <!-- com.FutureItVisionFramework.searchtest.HomePageSearchTest -->
