<?xml version="1.0" encoding="UTF-8"?>
<!-- Generated by org.testng.reporters.JUnitReportReporter -->
<testsuite skipped="0" hostname="NYCMDLNMUHMAC.local" name="com.FutureItVisionFramework.searchtest.HomePageSearchTest" tests="1" failures="0" timestamp="03 Jun 2018 01:55:22 GMT" time="0.185" errors="0">
  <testcase name="verifysearchButton" time="0.185" classname="com.FutureItVisionFramework.searchtest.HomePageSearchTest"/>
</testsuite> <!-- com.FutureItVisionFramework.searchtest.HomePageSearchTest -->
